<?xml version="1.0" encoding="UTF-8"?>
<testng-results skipped="0" failed="0" total="4" passed="4">
  <reporter-output>
  </reporter-output>
  <suite name="Default suite" duration-ms="128" started-at="2021-05-13T12:01:55Z" finished-at="2021-05-13T12:01:55Z">
    <groups>
    </groups>
    <test name="Default test" duration-ms="128" started-at="2021-05-13T12:01:55Z" finished-at="2021-05-13T12:01:55Z">
      <class name="com.object_TestNG.SampleTestCase">
        <test-method status="PASS" signature="TestCase1()[pri:0, instance:com.object_TestNG.SampleTestCase@63d4e2ba]" name="TestCase1" duration-ms="50" started-at="2021-05-13T17:31:55Z" finished-at="2021-05-13T17:31:55Z">
          <reporter-output>
          </reporter-output>
        </test-method> <!-- TestCase1 -->
        <test-method status="PASS" signature="TestCase2()[pri:0, instance:com.object_TestNG.SampleTestCase@63d4e2ba]" name="TestCase2" duration-ms="2" started-at="2021-05-13T17:31:55Z" finished-at="2021-05-13T17:31:55Z">
          <reporter-output>
          </reporter-output>
        </test-method> <!-- TestCase2 -->
        <test-method status="PASS" signature="TestCase3()[pri:0, instance:com.object_TestNG.SampleTestCase@63d4e2ba]" name="TestCase3" duration-ms="5" started-at="2021-05-13T17:31:55Z" finished-at="2021-05-13T17:31:55Z">
          <reporter-output>
          </reporter-output>
        </test-method> <!-- TestCase3 -->
        <test-method status="PASS" signature="TestCase4()[pri:0, instance:com.object_TestNG.SampleTestCase@63d4e2ba]" name="TestCase4" duration-ms="4" started-at="2021-05-13T17:31:55Z" finished-at="2021-05-13T17:31:55Z">
          <reporter-output>
          </reporter-output>
        </test-method> <!-- TestCase4 -->
      </class> <!-- com.object_TestNG.SampleTestCase -->
    </test> <!-- Default test -->
  </suite> <!-- Default suite -->
</testng-results>
